Feb  9 06:52:00 blah blah blah blah blah blah blah blah blah blah blah 
Feb  9 07:46:52 blah blah blah blah blah 
Feb  9 08:46:58 blah blah blah blah blah blah blah 
Feb  9 09:52:15 blah blah blah blah 
Feb  9 10:46:34 blah blah blah blah blah blah 
Feb  9 11:40:53 blah blah blah blah blah blah blah blah blah 
Feb  9 12:44:33 blah blah blah blah blah blah blah blah blah blah blah 
Feb  9 13:45:39 blah blah blah blah blah blah blah blah blah blah 
Feb  9 14:43:35 blah blah blah 
Feb  9 15:45:14 blah blah blah blah blah blah 
Feb  9 16:47:32 blah blah blah blah blah blah blah blah 
Feb  9 17:45:57 blah blah blah blah blah blah blah blah blah blah blah blah 
Feb  9 18:49:08 blah blah blah blah blah 
Feb  9 19:44:04 blah blah blah blah blah blah blah 
Feb  9 20:39:21 blah blah blah blah blah blah blah blah blah blah blah blah 
Feb  9 21:35:37 blah blah blah blah blah blah blah blah blah blah 
Feb  9 22:29:45 blah blah blah blah 
Feb  9 23:35:37 blah blah blah blah blah blah blah blah blah blah blah blah 
Feb 10 00:33:56 blah blah blah blah blah blah blah blah blah blah blah blah 
Feb 10 01:38:16 blah blah blah 
Feb 10 02:39:21 blah blah blah blah blah blah blah blah blah blah blah blah 
Feb 10 03:35:40 blah blah blah blah blah blah blah blah 
Feb 10 04:31:04 blah blah blah blah blah blah blah blah blah 
Feb 10 05:29:50 blah blah blah blah 
Feb 10 06:26:13 blah blah blah blah blah blah blah blah blah 
